#
# A fatal error has been detected by the Java Runtime Environment:
#
#  SIGSEGV (0xb) at pc=0x00000034bdc8995b, pid=4374, tid=140523821401856
#
# JRE version: Java(TM) SE Runtime Environment (8.0_51-b16) (build 1.8.0_51-b16)
# Java VM: Java HotSpot(TM) 64-Bit Server VM (25.51-b03 mixed mode linux-amd64 compressed oops)
# Problematic frame:
# C  [libc.so.6+0x8995b]  memcpy+0x15b
#
# Failed to write core dump. Core dumps have been disabled. To enable core dumping, try "ulimit -c unlimited" before starting Java again
#
# If you would like to submit a bug report, please visit:
#   http://bugreport.java.com/bugreport/crash.jsp
# The crash happened outside the Java Virtual Machine in native code.
# See problematic frame for where to report the bug.
#

---------------  T H R E A D  ---------------

Current thread (0x00007fce3c008800):  JavaThread "main" [_thread_in_native, id=4375, stack(0x00007fce40650000,0x00007fce40751000)]

siginfo: si_signo: 11 (SIGSEGV), si_code: 2 (SEGV_ACCERR), si_addr: 0x00007fce40013000

Registers:
RAX=0x0000000000000043, RBX=0x00007fce40011817, RCX=0x0000000000000503, RDX=0x000000000000ab7e
RSP=0x00007fce40749b78, RBP=0x00007fce40749bd0, RSI=0x00007fce40013000, RDI=0x00007fce3c516e1b
R8 =0x00007fce3c000088, R9 =0x0000000000000001, R10=0x000000000000ab81, R11=0x0000000000004000
R12=0x00007fce400088b4, R13=0x00007fce3c50a400, R14=0x000000000000ab7f, R15=0x00007fce3c217980
RIP=0x00000034bdc8995b, EFLAGS=0x0000000000010206, CSGSFS=0x0000000000000033, ERR=0x0000000000000004
  TRAPNO=0x000000000000000e

Top of Stack: (sp=0x00007fce40749b78)
0x00007fce40749b78:   00007fce3bbe89a9 00007fce40749b69
0x00007fce40749b88:   00007f0800000000 0000000000008f35
0x00007fce40749b98:   0000000008001404 00007fce3c50a400
0x00007fce40749ba8:   00007fce3c217be0 00007fce3c2184b0
0x00007fce40749bb8:   00007fce3c217980 0000000088352867
0x00007fce40749bc8:   0000000000000025 00007fce40749c30
0x00007fce40749bd8:   00007fce3bbe8f2f 00007fce3c008800
0x00007fce40749be8:   01007fce3c008800 00007fce40749c50
0x00007fce40749bf8:   00007fce40749c76 00007fce40749c74
0x00007fce40749c08:   00007fce40749c50 0000000000000025
0x00007fce40749c18:   00007fce3c0089f8 00007fce4074a0a8
0x00007fce40749c28:   0000000000000001 00007fce4074a090
0x00007fce40749c38:   00007fce3bbdad30 00007fce40749e00
0x00007fce40749c48:   00007fce3c217980 2f746867696c6564
0x00007fce40749c58:   65727275636e6f63 636e6f432f79636e
0x00007fce40749c68:   2e79636e65727275 0000007373616c63
0x00007fce40749c78:   00007fce280104a0 00000000ffffffff
0x00007fce40749c88:   000000000000000d 00007fce40749b20
0x00007fce40749c98:   0000003000000020 00007fce40749e10
0x00007fce40749ca8:   00007fce40749d20 00007fce3c008800
0x00007fce40749cb8:   0000000000000000 0000000000000000
0x00007fce40749cc8:   00007fce4074a100 0000003000000018
0x00007fce40749cd8:   00007fce40749e10 00007fce40749d20
0x00007fce40749ce8:   0000000000000000 00007fce0000000d
0x00007fce40749cf8:   00007fce3c3c8fd8 00007fce3c008800
0x00007fce40749d08:   00000000d5708a00 00007fce3c008800
0x00007fce40749d18:   0000000000000000 00007fce00000000
0x00007fce40749d28:   0000000000000000 0000000000000018
0x00007fce40749d38:   00007fce3c094d60 00007fce416b6be0
0x00007fce40749d48:   0000000000000061 00000000d662c7b0
0x00007fce40749d58:   0000000000000000 00000001000007a8
0x00007fce40749d68:   00000001000007a8 00007fce40749e00 

Instructions: (pc=0x00000034bdc8995b)
0x00000034bdc8993b:   fe ff ff f3 c3 4c 8b 1d 79 50 30 00 49 39 d3 4c
0x00000034bdc8994b:   0f 47 da 4c 89 d9 49 83 e3 f8 48 c1 e9 03 74 05
0x00000034bdc8995b:   f3 48 a5 66 90 4c 29 da 48 f7 c2 f8 ff ff ff 75
0x00000034bdc8996b:   14 83 e2 07 48 8b 44 24 f8 0f 85 8f fe ff ff f3 

Register to memory mapping:

RAX=0x0000000000000043 is an unknown value
RBX=0x00007fce40011817 is an unknown value
RCX=0x0000000000000503 is an unknown value
RDX=0x000000000000ab7e is an unknown value
RSP=0x00007fce40749b78 is pointing into the stack for thread: 0x00007fce3c008800
RBP=0x00007fce40749bd0 is pointing into the stack for thread: 0x00007fce3c008800
RSI=0x00007fce40013000 is an unknown value
RDI=0x00007fce3c516e1b is an unknown value
R8 =0x00007fce3c000088 is an unknown value
R9 =0x0000000000000001 is an unknown value
R10=0x000000000000ab81 is an unknown value
R11=0x0000000000004000 is an unknown value
R12=0x00007fce400088b4 is an unknown value
R13=0x00007fce3c50a400 is an unknown value
R14=0x000000000000ab7f is an unknown value
R15=0x00007fce3c217980 is an unknown value


Stack: [0x00007fce40650000,0x00007fce40751000],  sp=0x00007fce40749b78,  free space=998k
Native frames: (J=compiled Java code, j=interpreted, Vv=VM code, C=native code)
C  [libc.so.6+0x8995b]  memcpy+0x15b
C  [libzip.so+0x11f2f]  ZIP_GetEntry2+0xff
C  [libzip.so+0x3d30]  Java_java_util_zip_ZipFile_getEntry+0xf0
J 123  java.util.zip.ZipFile.getEntry(J[BZ)J (0 bytes) @ 0x00007fce2cd1300e [0x00007fce2cd12f40+0xce]
J 318 C2 sun.misc.URLClassPath$JarLoader.getResource(Ljava/lang/String;Z)Lsun/misc/Resource; (85 bytes) @ 0x00007fce2cdbefcc [0x00007fce2cdbec20+0x3ac]

Java frames: (J=compiled Java code, j=interpreted, Vv=VM code)
J 123  java.util.zip.ZipFile.getEntry(J[BZ)J (0 bytes) @ 0x00007fce2cd12f98 [0x00007fce2cd12f40+0x58]
J 318 C2 sun.misc.URLClassPath$JarLoader.getResource(Ljava/lang/String;Z)Lsun/misc/Resource; (85 bytes) @ 0x00007fce2cdbefcc [0x00007fce2cdbec20+0x3ac]
J 233 C1 sun.misc.URLClassPath.getResource(Ljava/lang/String;Z)Lsun/misc/Resource; (83 bytes) @ 0x00007fce2cd5626c [0x00007fce2cd56100+0x16c]
J 316 C1 java.net.URLClassLoader$1.run()Ljava/lang/Class; (63 bytes) @ 0x00007fce2cda301c [0x00007fce2cda2e20+0x1fc]
J 260 C1 java.net.URLClassLoader$1.run()Ljava/lang/Object; (5 bytes) @ 0x00007fce2cd67a4c [0x00007fce2cd679c0+0x8c]
v  ~StubRoutines::call_stub
J 259  java.security.AccessController.doPrivileged(Ljava/security/PrivilegedExceptionAction;Ljava/security/AccessControlContext;)Ljava/lang/Object; (0 bytes) @ 0x00007fce2cd67663 [0x00007fce2cd67600+0x63]
J 258 C1 java.net.URLClassLoader.findClass(Ljava/lang/String;)Ljava/lang/Class; (47 bytes) @ 0x00007fce2cd5e084 [0x00007fce2cd5df00+0x184]
J 195 C1 java.lang.ClassLoader.loadClass(Ljava/lang/String;Z)Ljava/lang/Class; (122 bytes) @ 0x00007fce2cd41edc [0x00007fce2cd41580+0x95c]
J 305 C1 sun.misc.Launcher$AppClassLoader.loadClass(Ljava/lang/String;Z)Ljava/lang/Class; (85 bytes) @ 0x00007fce2cd9ad0c [0x00007fce2cd9a380+0x98c]
J 304 C1 java.lang.ClassLoader.loadClass(Ljava/lang/String;)Ljava/lang/Class; (7 bytes) @ 0x00007fce2cd99fc4 [0x00007fce2cd99ec0+0x104]
v  ~StubRoutines::call_stub
j  de.mxro.httpserver.internal.services.SafeShutdownGuard.<init>(Lde/mxro/httpserver/HttpService;)V+10
j  de.mxro.httpserver.services.Services.safeShutdown(Lde/mxro/httpserver/HttpService;)Lde/mxro/httpserver/HttpService;+5
j  de.mxro.httpserver.netty3.Netty3Server.start(Lde/mxro/httpserver/netty3/Netty3ServerConfiguration;Ldelight/async/callbacks/ValueCallback;)V+31
j  de.mxro.httpserver.netty3.Netty3Server.start(Lde/mxro/httpserver/HttpService;ILdelight/async/callbacks/ValueCallback;)V+12
j  de.mxro.httpserver.netty3.tests.TestThatShutdownServerWorks$1.apply(Ldelight/async/callbacks/ValueCallback;)V+9
j  delight.async.jre.Async.waitFor(ILdelight/async/Operation;)Ljava/lang/Object;+40
j  delight.async.jre.Async.waitFor(Ldelight/async/Operation;)Ljava/lang/Object;+4
j  de.mxro.httpserver.netty3.tests.TestThatShutdownServerWorks.test()V+10
v  ~StubRoutines::call_stub
j  sun.reflect.NativeMethodAccessorImpl.invoke0(Ljava/lang/reflect/Method;Ljava/lang/Object;[Ljava/lang/Object;)Ljava/lang/Object;+0
j  sun.reflect.NativeMethodAccessorImpl.invoke(Ljava/lang/Object;[Ljava/lang/Object;)Ljava/lang/Object;+100
j  sun.reflect.DelegatingMethodAccessorImpl.invoke(Ljava/lang/Object;[Ljava/lang/Object;)Ljava/lang/Object;+6
j  java.lang.reflect.Method.invoke(Ljava/lang/Object;[Ljava/lang/Object;)Ljava/lang/Object;+56
j  org.junit.runners.model.FrameworkMethod$1.runReflectiveCall()Ljava/lang/Object;+15
j  org.junit.internal.runners.model.ReflectiveCallable.run()Ljava/lang/Object;+1
j  org.junit.runners.model.FrameworkMethod.invokeExplosively(Ljava/lang/Object;[Ljava/lang/Object;)Ljava/lang/Object;+10
j  org.junit.internal.runners.statements.InvokeMethod.evaluate()V+12
j  org.junit.runners.BlockJUnit4ClassRunner.runChild(Lorg/junit/runners/model/FrameworkMethod;Lorg/junit/runner/notification/RunNotifier;)V+31
j  org.junit.runners.BlockJUnit4ClassRunner.runChild(Ljava/lang/Object;Lorg/junit/runner/notification/RunNotifier;)V+6
j  org.junit.runners.ParentRunner$3.run()V+12
j  org.junit.runners.ParentRunner$1.schedule(Ljava/lang/Runnable;)V+1
j  org.junit.runners.ParentRunner.runChildren(Lorg/junit/runner/notification/RunNotifier;)V+40
j  org.junit.runners.ParentRunner.access$000(Lorg/junit/runners/ParentRunner;Lorg/junit/runner/notification/RunNotifier;)V+2
j  org.junit.runners.ParentRunner$2.evaluate()V+8
j  org.junit.runners.ParentRunner.run(Lorg/junit/runner/notification/RunNotifier;)V+20
j  org.apache.maven.surefire.junit4.JUnit4Provider.execute(Ljava/lang/Class;Lorg/junit/runner/notification/RunNotifier;[Ljava/lang/String;)V+106
j  org.apache.maven.surefire.junit4.JUnit4Provider.executeWithRerun(Ljava/lang/Class;Lorg/junit/runner/notification/RunNotifier;[Ljava/lang/String;)V+18
j  org.apache.maven.surefire.junit4.JUnit4Provider.executeTestSet(Ljava/lang/Class;Lorg/apache/maven/surefire/report/RunListener;Lorg/junit/runner/notification/RunNotifier;)V+72
j  org.apache.maven.surefire.junit4.JUnit4Provider.invoke(Ljava/lang/Object;)Lorg/apache/maven/surefire/suite/RunResult;+161
j  org.apache.maven.surefire.booter.ForkedBooter.invokeProviderInSameClassLoader(Ljava/lang/Object;Ljava/lang/Object;Lorg/apache/maven/surefire/booter/ProviderConfiguration;ZLorg/apache/maven/surefire/booter/StartupConfiguration;Z)Lorg/apache/maven/surefire/suite/RunResult;+23
j  org.apache.maven.surefire.booter.ForkedBooter.runSuitesInProcess(Ljava/lang/Object;Lorg/apache/maven/surefire/booter/StartupConfiguration;Lorg/apache/maven/surefire/booter/ProviderConfiguration;Ljava/io/PrintStream;)Lorg/apache/maven/surefire/suite/RunResult;+14
j  org.apache.maven.surefire.booter.ForkedBooter.main([Ljava/lang/String;)V+183
v  ~StubRoutines::call_stub

---------------  P R O C E S S  ---------------

Java Threads: ( => current thread )
  0x00007fce3c4f0000 JavaThread "New I/O server boss #7" [_thread_in_native, id=4548, stack(0x00007fce21080000,0x00007fce21181000)]
  0x00007fce3c4dd800 JavaThread "New I/O worker #6" [_thread_in_native, id=4546, stack(0x00007fce21181000,0x00007fce21282000)]
  0x00007fce3c406000 JavaThread "New I/O worker #5" [_thread_in_native, id=4543, stack(0x00007fce21282000,0x00007fce21383000)]
  0x00007fce3c404800 JavaThread "New I/O worker #4" [_thread_in_native, id=4541, stack(0x00007fce21383000,0x00007fce21484000)]
  0x00007fce3c408800 JavaThread "New I/O worker #3" [_thread_in_native, id=4539, stack(0x00007fce21484000,0x00007fce21585000)]
  0x00007fce3c408000 JavaThread "New I/O worker #2" [_thread_in_native, id=4538, stack(0x00007fce21585000,0x00007fce21686000)]
  0x00007fce3c40d000 JavaThread "New I/O worker #1" [_thread_in_native, id=4536, stack(0x00007fce21686000,0x00007fce21787000)]
  0x00007fce3c162000 JavaThread "Service Thread" daemon [_thread_blocked, id=4428, stack(0x00007fce21e52000,0x00007fce21f53000)]
  0x00007fce3c15d800 JavaThread "C1 CompilerThread1" daemon [_thread_blocked, id=4426, stack(0x00007fce21f53000,0x00007fce22054000)]
  0x00007fce3c15a800 JavaThread "C2 CompilerThread0" daemon [_thread_blocked, id=4411, stack(0x00007fce22054000,0x00007fce22155000)]
  0x00007fce3c159000 JavaThread "Signal Dispatcher" daemon [_thread_blocked, id=4409, stack(0x00007fce22155000,0x00007fce22256000)]
  0x00007fce3c123000 JavaThread "Finalizer" daemon [_thread_blocked, id=4399, stack(0x00007fce22256000,0x00007fce22357000)]
  0x00007fce3c120800 JavaThread "Reference Handler" daemon [_thread_blocked, id=4395, stack(0x00007fce22357000,0x00007fce22458000)]
=>0x00007fce3c008800 JavaThread "main" [_thread_in_native, id=4375, stack(0x00007fce40650000,0x00007fce40751000)]

Other Threads:
  0x00007fce3c11b800 VMThread [stack: 0x00007fce22458000,0x00007fce22559000] [id=4392]
  0x00007fce3c165000 WatcherThread [stack: 0x00007fce21d51000,0x00007fce21e52000] [id=4432]

VM state:not at safepoint (normal execution)

VM Mutex/Monitor currently owned by a thread: None

Heap:
 PSYoungGen      total 38400K, used 15987K [0x00000000d5700000, 0x00000000d8180000, 0x0000000100000000)
  eden space 33280K, 48% used [0x00000000d5700000,0x00000000d669cff8,0x00000000d7780000)
  from space 5120K, 0% used [0x00000000d7c80000,0x00000000d7c80000,0x00000000d8180000)
  to   space 5120K, 0% used [0x00000000d7780000,0x00000000d7780000,0x00000000d7c80000)
 ParOldGen       total 87552K, used 0K [0x0000000080400000, 0x0000000085980000, 0x00000000d5700000)
  object space 87552K, 0% used [0x0000000080400000,0x0000000080400000,0x0000000085980000)
 Metaspace       used 4976K, capacity 5472K, committed 5632K, reserved 1056768K
  class space    used 609K, capacity 656K, committed 768K, reserved 1048576K

Card table byte_map: [0x00007fce2c418000,0x00007fce2c817000] byte_map_base: 0x00007fce2c016000

Marking Bits: (ParMarkBitMap*) 0x00007fce416ef660
 Begin Bits: [0x00007fce2808d000, 0x00007fce2a07d000)
 End Bits:   [0x00007fce2a07d000, 0x00007fce2c06d000)

Polling page: 0x00007fce4194c000

CodeCache: size=245760Kb used=1961Kb max_used=1970Kb free=243798Kb
 bounds [0x00007fce2cbd7000, 0x00007fce2ce47000, 0x00007fce3bbd7000]
 total_blobs=634 nmethods=365 adapters=183
 compilation: enabled

Compilation events (10 events):
Event: 1.204 Thread 0x00007fce3c15a800  359       4       java.lang.String::indexOf (166 bytes)
Event: 1.207 Thread 0x00007fce3c15d800  360       3       java.util.Stack::empty (13 bytes)
Event: 1.207 Thread 0x00007fce3c15d800 nmethod 360 0x00007fce2cdb31d0 code [0x00007fce2cdb3340, 0x00007fce2cdb3710]
Event: 1.212 Thread 0x00007fce3c15a800 nmethod 359 0x00007fce2cdc3bd0 code [0x00007fce2cdc3d40, 0x00007fce2cdc4238]
Event: 1.212 Thread 0x00007fce3c15a800  362       4       java.util.Arrays::copyOfRange (63 bytes)
Event: 1.218 Thread 0x00007fce3c15d800  363       3       java.lang.Thread::interrupted (8 bytes)
Event: 1.218 Thread 0x00007fce3c15d800 nmethod 363 0x00007fce2cdb2a90 code [0x00007fce2cdb2c00, 0x00007fce2cdb2d88]
Event: 1.220 Thread 0x00007fce3c15a800 nmethod 362 0x00007fce2cdc4550 code [0x00007fce2cdc46a0, 0x00007fce2cdc48b8]
Event: 1.224 Thread 0x00007fce3c15d800  364  s    3       java.lang.Throwable::fillInStackTrace (29 bytes)
Event: 1.224 Thread 0x00007fce3c15d800 nmethod 364 0x00007fce2cdb50d0 code [0x00007fce2cdb5240, 0x00007fce2cdb55e8]

GC Heap History (0 events):
No events

Deoptimization events (1 events):
Event: 1.035 Thread 0x00007fce3c008800 Uncommon trap: reason=unstable_if action=reinterpret pc=0x00007fce2cd614c4 method=java.lang.String.indexOf([CII[CIII)I @ 3

Internal exceptions (6 events):
Event: 0.089 Thread 0x00007fce3c008800 Exception <a 'java/lang/NoSuchMethodError': Method sun.misc.Unsafe.defineClass(Ljava/lang/String;[BII)Ljava/lang/Class; name or signature does not match> (0x00000000d5712930) thrown at [/HUDSON/workspace/8-2-build-linux-amd64/jdk8u51/3951/hotspot/src/shar
Event: 0.089 Thread 0x00007fce3c008800 Exception <a 'java/lang/NoSuchMethodError': Method sun.misc.Unsafe.prefetchRead(Ljava/lang/Object;J)V name or signature does not match> (0x00000000d5712bc0) thrown at [/HUDSON/workspace/8-2-build-linux-amd64/jdk8u51/3951/hotspot/src/share/vm/prims/jni.cpp
Event: 1.102 Thread 0x00007fce3c008800 Exception <a 'java/security/PrivilegedActionException'> (0x00000000d605a158) thrown at [/HUDSON/workspace/8-2-build-linux-amd64/jdk8u51/3951/hotspot/src/share/vm/prims/jvm.cpp, line 1382]
Event: 1.102 Thread 0x00007fce3c008800 Exception <a 'java/security/PrivilegedActionException'> (0x00000000d605a630) thrown at [/HUDSON/workspace/8-2-build-linux-amd64/jdk8u51/3951/hotspot/src/share/vm/prims/jvm.cpp, line 1382]
Event: 1.102 Thread 0x00007fce3c008800 Exception <a 'java/security/PrivilegedActionException'> (0x00000000d605cc78) thrown at [/HUDSON/workspace/8-2-build-linux-amd64/jdk8u51/3951/hotspot/src/share/vm/prims/jvm.cpp, line 1382]
Event: 1.102 Thread 0x00007fce3c008800 Exception <a 'java/security/PrivilegedActionException'> (0x00000000d605d150) thrown at [/HUDSON/workspace/8-2-build-linux-amd64/jdk8u51/3951/hotspot/src/share/vm/prims/jvm.cpp, line 1382]

Events (10 events):
Event: 1.215 loading class de/mxro/httpserver/Address
Event: 1.215 loading class de/mxro/httpserver/Address done
Event: 1.216 loading class de/mxro/httpserver/Request
Event: 1.216 loading class de/mxro/httpserver/Request done
Event: 1.218 loading class de/mxro/httpserver/internal/services/SafeShutdownGuard
Event: 1.218 loading class de/mxro/httpserver/internal/services/SafeShutdownGuard done
Event: 1.220 loading class de/mxro/service/jre/ServicesJre
Event: 1.220 loading class de/mxro/service/jre/ServicesJre done
Event: 1.224 loading class delight/concurrency/Concurrency
Event: 1.224 loading class delight/concurrency/Concurrency done


Dynamic libraries:
00400000-00401000 r-xp 00000000 08:10 396087                             /apps/jdk1.8.0_51/jre/bin/java
00600000-00601000 rw-p 00000000 08:10 396087                             /apps/jdk1.8.0_51/jre/bin/java
0131e000-0133f000 rw-p 00000000 00:00 0                                  [heap]
80400000-85980000 rw-p 00000000 00:00 0 
85980000-d5700000 ---p 00000000 00:00 0 
d5700000-d8180000 rw-p 00000000 00:00 0 
d8180000-100000000 ---p 00000000 00:00 0 
100000000-1000c0000 rw-p 00000000 00:00 0 
1000c0000-140000000 ---p 00000000 00:00 0 
34bd800000-34bd820000 r-xp 00000000 fd:00 1179744                        /lib64/ld-2.12.so
34bda1f000-34bda20000 r--p 0001f000 fd:00 1179744                        /lib64/ld-2.12.so
34bda20000-34bda21000 rw-p 00020000 fd:00 1179744                        /lib64/ld-2.12.so
34bda21000-34bda22000 rw-p 00000000 00:00 0 
34bdc00000-34bdd8a000 r-xp 00000000 fd:00 1179747                        /lib64/libc-2.12.so
34bdd8a000-34bdf8a000 ---p 0018a000 fd:00 1179747                        /lib64/libc-2.12.so
34bdf8a000-34bdf8e000 r--p 0018a000 fd:00 1179747                        /lib64/libc-2.12.so
34bdf8e000-34bdf90000 rw-p 0018e000 fd:00 1179747                        /lib64/libc-2.12.so
34bdf90000-34bdf94000 rw-p 00000000 00:00 0 
34be000000-34be083000 r-xp 00000000 fd:00 1180133                        /lib64/libm-2.12.so
34be083000-34be282000 ---p 00083000 fd:00 1180133                        /lib64/libm-2.12.so
34be282000-34be283000 r--p 00082000 fd:00 1180133                        /lib64/libm-2.12.so
34be283000-34be284000 rw-p 00083000 fd:00 1180133                        /lib64/libm-2.12.so
34be400000-34be417000 r-xp 00000000 fd:00 1179890                        /lib64/libpthread-2.12.so
34be417000-34be617000 ---p 00017000 fd:00 1179890                        /lib64/libpthread-2.12.so
34be617000-34be618000 r--p 00017000 fd:00 1179890                        /lib64/libpthread-2.12.so
34be618000-34be619000 rw-p 00018000 fd:00 1179890                        /lib64/libpthread-2.12.so
34be619000-34be61d000 rw-p 00000000 00:00 0 
34be800000-34be802000 r-xp 00000000 fd:00 1180136                        /lib64/libdl-2.12.so
34be802000-34bea02000 ---p 00002000 fd:00 1180136                        /lib64/libdl-2.12.so
34bea02000-34bea03000 r--p 00002000 fd:00 1180136                        /lib64/libdl-2.12.so
34bea03000-34bea04000 rw-p 00003000 fd:00 1180136                        /lib64/libdl-2.12.so
34bec00000-34bec07000 r-xp 00000000 fd:00 1180050                        /lib64/librt-2.12.so
34bec07000-34bee06000 ---p 00007000 fd:00 1180050                        /lib64/librt-2.12.so
34bee06000-34bee07000 r--p 00006000 fd:00 1180050                        /lib64/librt-2.12.so
34bee07000-34bee08000 rw-p 00007000 fd:00 1180050                        /lib64/librt-2.12.so
7fcdd0000000-7fcdd0021000 rw-p 00000000 00:00 0 
7fcdd0021000-7fcdd4000000 ---p 00000000 00:00 0 
7fcdd8000000-7fcdd8021000 rw-p 00000000 00:00 0 
7fcdd8021000-7fcddc000000 ---p 00000000 00:00 0 
7fcddc000000-7fcddc021000 rw-p 00000000 00:00 0 
7fcddc021000-7fcde0000000 ---p 00000000 00:00 0 
7fcde0000000-7fcde0021000 rw-p 00000000 00:00 0 
7fcde0021000-7fcde4000000 ---p 00000000 00:00 0 
7fcde4000000-7fcde4021000 rw-p 00000000 00:00 0 
7fcde4021000-7fcde8000000 ---p 00000000 00:00 0 
7fcde8000000-7fcde8021000 rw-p 00000000 00:00 0 
7fcde8021000-7fcdec000000 ---p 00000000 00:00 0 
7fcdec000000-7fcdec021000 rw-p 00000000 00:00 0 
7fcdec021000-7fcdf0000000 ---p 00000000 00:00 0 
7fcdf0000000-7fcdf0021000 rw-p 00000000 00:00 0 
7fcdf0021000-7fcdf4000000 ---p 00000000 00:00 0 
7fcdf4000000-7fcdf4021000 rw-p 00000000 00:00 0 
7fcdf4021000-7fcdf8000000 ---p 00000000 00:00 0 
7fcdf8000000-7fcdf8185000 rw-p 00000000 00:00 0 
7fcdf8185000-7fcdfc000000 ---p 00000000 00:00 0 
7fcdfc000000-7fcdfc2e0000 rw-p 00000000 00:00 0 
7fcdfc2e0000-7fce00000000 ---p 00000000 00:00 0 
7fce00000000-7fce00021000 rw-p 00000000 00:00 0 
7fce00021000-7fce04000000 ---p 00000000 00:00 0 
7fce0616d000-7fce0c000000 r--p 00000000 fd:00 939062                     /usr/lib/locale/locale-archive
7fce0c000000-7fce0c021000 rw-p 00000000 00:00 0 
7fce0c021000-7fce10000000 ---p 00000000 00:00 0 
7fce10000000-7fce10021000 rw-p 00000000 00:00 0 
7fce10021000-7fce14000000 ---p 00000000 00:00 0 
7fce14000000-7fce14021000 rw-p 00000000 00:00 0 
7fce14021000-7fce18000000 ---p 00000000 00:00 0 
7fce18000000-7fce18021000 rw-p 00000000 00:00 0 
7fce18021000-7fce1c000000 ---p 00000000 00:00 0 
7fce1c000000-7fce1c021000 rw-p 00000000 00:00 0 
7fce1c021000-7fce20000000 ---p 00000000 00:00 0 
7fce2107f000-7fce21080000 rw-p 00000000 00:00 0 
7fce21080000-7fce21083000 ---p 00000000 00:00 0 
7fce21083000-7fce21181000 rw-p 00000000 00:00 0 
7fce21181000-7fce21184000 ---p 00000000 00:00 0 
7fce21184000-7fce21282000 rw-p 00000000 00:00 0 
7fce21282000-7fce21285000 ---p 00000000 00:00 0 
7fce21285000-7fce21383000 rw-p 00000000 00:00 0 
7fce21383000-7fce21386000 ---p 00000000 00:00 0 
7fce21386000-7fce21484000 rw-p 00000000 00:00 0 
7fce21484000-7fce21487000 ---p 00000000 00:00 0 
7fce21487000-7fce21585000 rw-p 00000000 00:00 0 
7fce21585000-7fce21588000 ---p 00000000 00:00 0 
7fce21588000-7fce21686000 rw-p 00000000 00:00 0 
7fce21686000-7fce21689000 ---p 00000000 00:00 0 
7fce21689000-7fce21787000 rw-p 00000000 00:00 0 
7fce21787000-7fce21798000 r-xp 00000000 08:10 396006                     /apps/jdk1.8.0_51/jre/lib/amd64/libnio.so
7fce21798000-7fce21997000 ---p 00011000 08:10 396006                     /apps/jdk1.8.0_51/jre/lib/amd64/libnio.so
7fce21997000-7fce21998000 rw-p 00010000 08:10 396006                     /apps/jdk1.8.0_51/jre/lib/amd64/libnio.so
7fce21998000-7fce219ae000 r-xp 00000000 08:10 395979                     /apps/jdk1.8.0_51/jre/lib/amd64/libnet.so
7fce219ae000-7fce21bae000 ---p 00016000 08:10 395979                     /apps/jdk1.8.0_51/jre/lib/amd64/libnet.so
7fce21bae000-7fce21baf000 rw-p 00016000 08:10 395979                     /apps/jdk1.8.0_51/jre/lib/amd64/libnet.so
7fce21baf000-7fce21bb1000 r--s 0000f000 08:20 704264                     /data/databases/localMavenRepository/org/apache/maven/surefire/surefire-junit4/2.18/surefire-junit4-2.18.jar
7fce21bb1000-7fce21bb3000 r--s 0000e000 08:20 1279838                    /data/databases/localMavenRepository/javax/validation/validation-api/1.0.0.GA/validation-api-1.0.0.GA-sources.jar
7fce21bb3000-7fce21bb6000 r--s 00009000 08:20 1279837                    /data/databases/localMavenRepository/javax/validation/validation-api/1.0.0.GA/validation-api-1.0.0.GA.jar
7fce21bb6000-7fce21cbb000 r--s 01a68000 08:20 703663                     /data/databases/localMavenRepository/com/google/gwt/gwt-user/2.5.1/gwt-user-2.5.1.jar
7fce21cbb000-7fce21cc1000 r--s 00033000 08:20 1272791                    /data/databases/localMavenRepository/junit/junit/4.7/junit-4.7.jar
7fce21cc1000-7fce21cc7000 r--s 00033000 08:20 1044733                    /data/databases/localMavenRepository/com/google/code/gson/gson/2.6.2/gson-2.6.2.jar
7fce21cc7000-7fce21cc8000 r--s 0000f000 08:20 1282487                    /data/databases/localMavenRepository/org/json/json/20140107/json-20140107.jar
7fce21cc8000-7fce21cca000 r--s 00008000 08:20 989742                     /data/databases/localMavenRepository/org/apache/httpcomponents/httpmime/4.3.6/httpmime-4.3.6.jar
7fce21cca000-7fce21cd1000 r--s 00047000 08:20 1275645                    /data/databases/localMavenRepository/org/apache/httpcomponents/httpcore-nio/4.3.2/httpcore-nio-4.3.2.jar
7fce21cd1000-7fce21cd5000 r--s 00023000 08:20 989781                     /data/databases/localMavenRepository/org/apache/httpcomponents/httpasyncclient/4.0.2/httpasyncclient-4.0.2.jar
7fce21cd5000-7fce21cdb000 r--s 00033000 08:20 1272845                    /data/databases/localMavenRepository/commons-codec/commons-codec/1.6/commons-codec-1.6.jar
7fce21cdb000-7fce21cdd000 r--s 0000e000 08:20 990150                     /data/databases/localMavenRepository/commons-logging/commons-logging/1.1.3/commons-logging-1.1.3.jar
7fce21cdd000-7fce21ce4000 r--s 0003f000 08:20 1275604                    /data/databases/localMavenRepository/org/apache/httpcomponents/httpcore/4.3.3/httpcore-4.3.3.jar
7fce21ce4000-7fce21cf0000 r--s 00085000 08:20 989716                     /data/databases/localMavenRepository/org/apache/httpcomponents/httpclient/4.3.6/httpclient-4.3.6.jar
7fce21cf0000-7fce21cf2000 r--s 00008000 08:20 1272587                    /data/databases/localMavenRepository/com/mashape/unirest/unirest-java/1.3.27/unirest-java-1.3.27.jar
7fce21cf2000-7fce21cf5000 r--s 0000c000 08:20 420943                     /data/databases/localMavenRepository/org/eclipse/xtend/org.eclipse.xtend.lib.macro/2.8.3/org.eclipse.xtend.lib.macro-2.8.3.jar
7fce21cf5000-7fce21d1e000 r--s 001ee000 08:20 703877                     /data/databases/localMavenRepository/com/google/guava/guava/14.0.1/guava-14.0.1.jar
7fce21d1e000-7fce21d22000 r--s 00019000 08:20 420941                     /data/databases/localMavenRepository/org/eclipse/xtext/org.eclipse.xtext.xbase.lib/2.8.3/org.eclipse.xtext.xbase.lib-2.8.3.jar
7fce21d22000-7fce21d27000 r--s 00021000 08:20 999115                     /data/databases/localMavenRepository/org/eclipse/xtend/org.eclipse.xtend.lib/2.8.3/org.eclipse.xtend.lib-2.8.3.jar
7fce21d27000-7fce21d40000 r--s 00127000 08:20 1280043                    /data/databases/localMavenRepository/io/netty/netty/3.9.4.Final/netty-3.9.4.Final.jar
7fce21d40000-7fce21d42000 r--s 00013000 08:20 160968                     /data/databases/localMavenRepository/org/eclipse/xtext/org.eclipse.xtext.xbase.lib.gwt/2.8.3/org.eclipse.xtext.xbase.lib.gwt-2.8.3.jar
7fce21d42000-7fce21d4e000 r--s 000b2000 08:20 160966                     /data/databases/localMavenRepository/com/google/guava/guava-gwt/14.0.1/guava-gwt-14.0.1.jar
7fce21d4e000-7fce21d50000 r--s 00008000 08:20 1275255                    /data/databases/localMavenRepository/org/apache/maven/surefire/surefire-booter/2.18/surefire-booter-2.18.jar
7fce21d50000-7fce21d51000 r--s 00001000 08:20 99136                      /data/databases/git/general-utilities/http-server-netty3/target/surefire/surefirebooter7256148448432825056.jar
7fce21d51000-7fce21d52000 ---p 00000000 00:00 0 
7fce21d52000-7fce21e52000 rw-p 00000000 00:00 0 
7fce21e52000-7fce21e55000 ---p 00000000 00:00 0 
7fce21e55000-7fce21f53000 rw-p 00000000 00:00 0 
7fce21f53000-7fce21f56000 ---p 00000000 00:00 0 
7fce21f56000-7fce22054000 rw-p 00000000 00:00 0 
7fce22054000-7fce22057000 ---p 00000000 00:00 0 
7fce22057000-7fce22155000 rw-p 00000000 00:00 0 
7fce22155000-7fce22158000 ---p 00000000 00:00 0 
7fce22158000-7fce22256000 rw-p 00000000 00:00 0 
7fce22256000-7fce22259000 ---p 00000000 00:00 0 
7fce22259000-7fce22357000 rw-p 00000000 00:00 0 
7fce22357000-7fce2235a000 ---p 00000000 00:00 0 
7fce2235a000-7fce22458000 rw-p 00000000 00:00 0 
7fce22458000-7fce22459000 ---p 00000000 00:00 0 
7fce22459000-7fce231b4000 rw-p 00000000 00:00 0 
7fce231b4000-7fce2338c000 r--s 03d0c000 08:10 396024                     /apps/jdk1.8.0_51/jre/lib/rt.jar
7fce2338c000-7fce238c2000 rw-p 00000000 00:00 0 
7fce238c2000-7fce23c02000 ---p 00000000 00:00 0 
7fce23c02000-7fce24000000 rw-p 00000000 00:00 0 
7fce24000000-7fce24021000 rw-p 00000000 00:00 0 
7fce24021000-7fce28000000 ---p 00000000 00:00 0 
7fce28000000-7fce28003000 r--s 00006000 08:20 703984                     /data/databases/localMavenRepository/com/google/code/findbugs/jsr305/1.3.9/jsr305-1.3.9.jar
7fce28003000-7fce28004000 r--s 00005000 08:20 1013438                    /data/databases/localMavenRepository/org/eclipse/xtend/org.eclipse.xtend.lib.gwt/2.8.3/org.eclipse.xtend.lib.gwt-2.8.3.jar
7fce28004000-7fce28006000 r--s 00010000 08:20 1006281                    /data/databases/localMavenRepository/org/javadelight/delight-functional/0.0.7/delight-functional-0.0.7.jar
7fce28006000-7fce28007000 r--s 00001000 08:20 456222                     /data/databases/localMavenRepository/org/javadelight/delight-simple-log/0.0.2-SNAPSHOT/delight-simple-log-0.0.2-SNAPSHOT.jar
7fce28007000-7fce28009000 r--s 00006000 08:20 25858                      /data/databases/localMavenRepository/org/javadelight/delight-promise/0.0.3/delight-promise-0.0.3.jar
7fce28009000-7fce2800a000 r--s 00003000 08:20 656460                     /data/databases/localMavenRepository/org/javadelight/delight-json/0.0.5/delight-json-0.0.5.jar
7fce2800a000-7fce2c06d000 rw-p 00000000 00:00 0 
7fce2c06d000-7fce2c06e000 ---p 00000000 00:00 0 
7fce2c06e000-7fce2c199000 rw-p 00000000 00:00 0 
7fce2c199000-7fce2c418000 ---p 00000000 00:00 0 
7fce2c418000-7fce2c443000 rw-p 00000000 00:00 0 
7fce2c443000-7fce2c6c1000 ---p 00000000 00:00 0 
7fce2c6c1000-7fce2c6d7000 rw-p 00000000 00:00 0 
7fce2c6d7000-7fce2c816000 ---p 00000000 00:00 0 
7fce2c816000-7fce2c821000 rw-p 00000000 00:00 0 
7fce2c821000-7fce2cbd7000 ---p 00000000 00:00 0 
7fce2cbd7000-7fce2ce47000 rwxp 00000000 00:00 0 
7fce2ce47000-7fce3bbd7000 ---p 00000000 00:00 0 
7fce3bbd7000-7fce3bbf1000 r-xp 00000000 08:10 395974                     /apps/jdk1.8.0_51/jre/lib/amd64/libzip.so
7fce3bbf1000-7fce3bdf1000 ---p 0001a000 08:10 395974                     /apps/jdk1.8.0_51/jre/lib/amd64/libzip.so
7fce3bdf1000-7fce3bdf2000 rw-p 0001a000 08:10 395974                     /apps/jdk1.8.0_51/jre/lib/amd64/libzip.so
7fce3bdf2000-7fce3bdff000 r-xp 00000000 fd:00 1185489                    /lib64/libnss_files-2.12.so
7fce3bdff000-7fce3bffe000 ---p 0000d000 fd:00 1185489                    /lib64/libnss_files-2.12.so
7fce3bffe000-7fce3bfff000 r--p 0000c000 fd:00 1185489                    /lib64/libnss_files-2.12.so
7fce3bfff000-7fce3c000000 rw-p 0000d000 fd:00 1185489                    /lib64/libnss_files-2.12.so
7fce3c000000-7fce3c575000 rw-p 00000000 00:00 0 
7fce3c575000-7fce40000000 ---p 00000000 00:00 0 
7fce40000000-7fce40003000 r--s 00009000 08:20 448824                     /data/databases/localMavenRepository/org/javadelight/delight-async-properties/0.0.4/delight-async-properties-0.0.4.jar
7fce40003000-7fce40006000 r--s 0000a000 08:20 62147                      /data/databases/localMavenRepository/de/mxro/metrics/metrics/0.0.4-SNAPSHOT/metrics-0.0.4-SNAPSHOT.jar
7fce40006000-7fce40008000 r--s 00009000 08:20 922158                     /data/databases/localMavenRepository/org/javadelight/delight-async/0.1.0/delight-async-0.1.0.jar
7fce40008000-7fce4000b000 r--s 00010000 08:20 26350                      /data/databases/localMavenRepository/org/javadelight/delight-concurrency/0.0.5/delight-concurrency-0.0.5.jar
7fce4000b000-7fce4000d000 r--s 00007000 08:20 705652                     /data/databases/localMavenRepository/de/mxro/service/service-api/0.0.3/service-api-0.0.3.jar
7fce4000d000-7fce4000f000 r--s 00008000 08:20 990672                     /data/databases/localMavenRepository/one/utils/oneUtils/0.1.1/oneUtils-0.1.1.jar
7fce4000f000-7fce40010000 r--s 00003000 08:20 172677                     /data/databases/localMavenRepository/org/javadelight/delight-strings/0.0.3/delight-strings-0.0.3.jar
7fce40010000-7fce40011000 r--s 00001000 08:20 1280546                    /data/databases/localMavenRepository/one/async/oneAsync/0.1.1/oneAsync-0.1.1.jar
7fce40011000-7fce40013000 r--s 0000b000 08:20 1277272                    /data/databases/localMavenRepository/de/mxro/gtwutils/mxGWTUtils/0.1.2-SNAPSHOT/mxGWTUtils-0.1.2-SNAPSHOT.jar
7fce40013000-7fce40014000 ---p 00000000 00:00 0 
7fce40014000-7fce40114000 rw-p 00000000 00:00 0 
7fce40114000-7fce40115000 ---p 00000000 00:00 0 
7fce40115000-7fce40215000 rw-p 00000000 00:00 0 
7fce40215000-7fce4023f000 r-xp 00000000 08:10 395952                     /apps/jdk1.8.0_51/jre/lib/amd64/libjava.so
7fce4023f000-7fce4043f000 ---p 0002a000 08:10 395952                     /apps/jdk1.8.0_51/jre/lib/amd64/libjava.so
7fce4043f000-7fce40441000 rw-p 0002a000 08:10 395952                     /apps/jdk1.8.0_51/jre/lib/amd64/libjava.so
7fce40441000-7fce4044e000 r-xp 00000000 08:10 395968                     /apps/jdk1.8.0_51/jre/lib/amd64/libverify.so
7fce4044e000-7fce4064e000 ---p 0000d000 08:10 395968                     /apps/jdk1.8.0_51/jre/lib/amd64/libverify.so
7fce4064e000-7fce40650000 rw-p 0000d000 08:10 395968                     /apps/jdk1.8.0_51/jre/lib/amd64/libverify.so
7fce40650000-7fce40653000 ---p 00000000 00:00 0 
7fce40653000-7fce40751000 rw-p 00000000 00:00 0 
7fce40751000-7fce413ff000 r-xp 00000000 08:10 395990                     /apps/jdk1.8.0_51/jre/lib/amd64/server/libjvm.so
7fce413ff000-7fce415ff000 ---p 00cae000 08:10 395990                     /apps/jdk1.8.0_51/jre/lib/amd64/server/libjvm.so
7fce415ff000-7fce416d6000 rw-p 00cae000 08:10 395990                     /apps/jdk1.8.0_51/jre/lib/amd64/server/libjvm.so
7fce416d6000-7fce4171d000 rw-p 00000000 00:00 0 
7fce4171d000-7fce41732000 r-xp 00000000 08:10 395962                     /apps/jdk1.8.0_51/jre/lib/amd64/jli/libjli.so
7fce41732000-7fce41932000 ---p 00015000 08:10 395962                     /apps/jdk1.8.0_51/jre/lib/amd64/jli/libjli.so
7fce41932000-7fce41933000 rw-p 00015000 08:10 395962                     /apps/jdk1.8.0_51/jre/lib/amd64/jli/libjli.so
7fce41933000-7fce41934000 rw-p 00000000 00:00 0 
7fce41934000-7fce41935000 r--s 00002000 08:20 1279583                    /data/databases/localMavenRepository/de/mxro/sslutils/java-ssl-utils/0.0.4-SNAPSHOT/java-ssl-utils-0.0.4-SNAPSHOT.jar
7fce41935000-7fce41937000 r--s 00002000 08:20 25158                      /data/databases/localMavenRepository/org/javadelight/delight-factories/0.0.3/delight-factories-0.0.3.jar
7fce41937000-7fce41939000 r--s 00003000 08:20 656655                     /data/databases/localMavenRepository/org/javadelight/delight-log/0.0.3/delight-log-0.0.3.jar
7fce41939000-7fce4193b000 r--s 00007000 08:20 1277847                    /data/databases/localMavenRepository/de/mxro/server/server-api/0.0.3/server-api-0.0.3.jar
7fce4193b000-7fce4193e000 r--s 00015000 08:20 924709                     /data/databases/localMavenRepository/org/javadelight/delight-http/0.0.11/delight-http-0.0.11.jar
7fce4193e000-7fce41943000 r--s 00020000 08:20 1275324                    /data/databases/localMavenRepository/org/apache/maven/surefire/surefire-api/2.18/surefire-api-2.18.jar
7fce41943000-7fce4194b000 rw-s 00000000 fd:00 399302                     /tmp/hsperfdata_adminuser/4374
7fce4194b000-7fce4194c000 rw-p 00000000 00:00 0 
7fce4194c000-7fce4194d000 r--p 00000000 00:00 0 
7fce4194d000-7fce4194e000 rw-p 00000000 00:00 0 
7ffde4212000-7ffde4227000 rw-p 00000000 00:00 0                          [stack]
7ffde43e4000-7ffde43e5000 r-xp 00000000 00:00 0                          [vdso]
ffffffffff600000-ffffffffff601000 r-xp 00000000 00:00 0                  [vsyscall]

VM Arguments:
java_command: /data/databases/git/general-utilities/http-server-netty3/target/surefire/surefirebooter7256148448432825056.jar /data/databases/git/general-utilities/http-server-netty3/target/surefire/surefire1646370132148837833tmp /data/databases/git/general-utilities/http-server-netty3/target/surefire/surefire_06006254473088573611tmp
java_class_path (initial): /data/databases/git/general-utilities/http-server-netty3/target/surefire/surefirebooter7256148448432825056.jar
Launcher Type: SUN_STANDARD

Environment Variables:
JAVA_HOME=/apps/jdk1.8.0_51
PATH=/usr/lib64/qt-3.3/bin:/usr/local/maven/bin:/usr/local/bin:/usr/bin:/bin:/usr/local/sbin:/usr/sbin:/sbin:/home/adminuser/bin
USERNAME=adminuser
SHELL=/bin/bash
DISPLAY=:0.0

Signal Handlers:
SIGSEGV: [libjvm.so+0xaad540], sa_mask[0]=11111111011111111101111111111110, sa_flags=SA_RESTART|SA_SIGINFO
SIGBUS: [libjvm.so+0xaad540], sa_mask[0]=11111111011111111101111111111110, sa_flags=SA_RESTART|SA_SIGINFO
SIGFPE: [libjvm.so+0x90b6b0], sa_mask[0]=11111111011111111101111111111110, sa_flags=SA_RESTART|SA_SIGINFO
SIGPIPE: [libjvm.so+0x90b6b0], sa_mask[0]=11111111011111111101111111111110, sa_flags=SA_RESTART|SA_SIGINFO
SIGXFSZ: [libjvm.so+0x90b6b0], sa_mask[0]=11111111011111111101111111111110, sa_flags=SA_RESTART|SA_SIGINFO
SIGILL: [libjvm.so+0x90b6b0], sa_mask[0]=11111111011111111101111111111110, sa_flags=SA_RESTART|SA_SIGINFO
SIGUSR1: SIG_DFL, sa_mask[0]=00000000000000000000000000000000, sa_flags=none
SIGUSR2: [libjvm.so+0x90ccf0], sa_mask[0]=00100000000000000000000000000000, sa_flags=SA_RESTART|SA_SIGINFO
SIGHUP: [libjvm.so+0x90e040], sa_mask[0]=11111111011111111101111111111110, sa_flags=SA_RESTART|SA_SIGINFO
SIGINT: [libjvm.so+0x90e040], sa_mask[0]=11111111011111111101111111111110, sa_flags=SA_RESTART|SA_SIGINFO
SIGTERM: [libjvm.so+0x90e040], sa_mask[0]=11111111011111111101111111111110, sa_flags=SA_RESTART|SA_SIGINFO
SIGQUIT: [libjvm.so+0x90e040], sa_mask[0]=11111111011111111101111111111110, sa_flags=SA_RESTART|SA_SIGINFO


---------------  S Y S T E M  ---------------

OS:CentOS release 6.8 (Final)

uname:Linux 2.6.32-642.13.1.el6.x86_64 #1 SMP Wed Jan 11 20:56:24 UTC 2017 x86_64
libc:glibc 2.12 NPTL 2.12 
rlimit: STACK 10240k, CORE 0k, NPROC 32589, NOFILE 4096, AS infinity
load average:1.61 0.72 0.36

/proc/meminfo:
MemTotal:        8368484 kB
MemFree:          136256 kB
Buffers:          875256 kB
Cached:          1536704 kB
SwapCached:            0 kB
Active:          4518868 kB
Inactive:        2045432 kB
Active(anon):    3164056 kB
Inactive(anon):   994816 kB
Active(file):    1354812 kB
Inactive(file):  1050616 kB
Unevictable:           0 kB
Mlocked:               0 kB
SwapTotal:       2064380 kB
SwapFree:        2064380 kB
Dirty:              2632 kB
Writeback:             0 kB
AnonPages:       4152676 kB
Mapped:            84192 kB
Shmem:              6308 kB
Slab:            1531536 kB
SReclaimable:    1450404 kB
SUnreclaim:        81132 kB
KernelStack:       11504 kB
PageTables:        39168 kB
NFS_Unstable:          0 kB
Bounce:                0 kB
WritebackTmp:          0 kB
CommitLimit:     6248620 kB
Committed_AS:    5767960 kB
VmallocTotal:   34359738367 kB
VmallocUsed:      102432 kB
VmallocChunk:   34359625720 kB
HardwareCorrupted:     0 kB
AnonHugePages:   3270656 kB
HugePages_Total:       0
HugePages_Free:        0
HugePages_Rsvd:        0
HugePages_Surp:        0
Hugepagesize:       2048 kB
DirectMap4k:        8128 kB
DirectMap2M:     8695808 kB


CPU:total 3 (3 cores per cpu, 1 threads per core) family 6 model 60 stepping 3, cmov, cx8, fxsr, mmx, sse, sse2, sse3, ssse3, sse4.1, sse4.2, popcnt, avx, aes, clmul, lzcnt, tsc, tscinvbit

/proc/cpuinfo:
processor	: 0
vendor_id	: GenuineIntel
cpu family	: 6
model		: 60
model name	: Intel(R) Core(TM) i7-4700MQ CPU @ 2.40GHz
stepping	: 3
cpu MHz		: 2394.457
cache size	: 6144 KB
physical id	: 0
siblings	: 3
core id		: 0
cpu cores	: 3
apicid		: 0
initial apicid	: 0
fpu		: yes
fpu_exception	: yes
cpuid level	: 13
wp		: yes
flags		: fpu vme de pse tsc msr pae mce cx8 apic sep mtrr pge mca cmov pat pse36 clflush mmx fxsr sse sse2 ht syscall nx rdtscp lm constant_tsc rep_good xtopology nonstop_tsc pni pclmulqdq ssse3 cx16 sse4_1 sse4_2 movbe popcnt aes xsave avx rdrand lahf_lm abm
bogomips	: 4788.91
clflush size	: 64
cache_alignment	: 64
address sizes	: 39 bits physical, 48 bits virtual
power management:

processor	: 1
vendor_id	: GenuineIntel
cpu family	: 6
model		: 60
model name	: Intel(R) Core(TM) i7-4700MQ CPU @ 2.40GHz
stepping	: 3
cpu MHz		: 2394.457
cache size	: 6144 KB
physical id	: 0
siblings	: 3
core id		: 1
cpu cores	: 3
apicid		: 1
initial apicid	: 1
fpu		: yes
fpu_exception	: yes
cpuid level	: 13
wp		: yes
flags		: fpu vme de pse tsc msr pae mce cx8 apic sep mtrr pge mca cmov pat pse36 clflush mmx fxsr sse sse2 ht syscall nx rdtscp lm constant_tsc rep_good xtopology nonstop_tsc pni pclmulqdq ssse3 cx16 sse4_1 sse4_2 movbe popcnt aes xsave avx rdrand lahf_lm abm
bogomips	: 4788.91
clflush size	: 64
cache_alignment	: 64
address sizes	: 39 bits physical, 48 bits virtual
power management:

processor	: 2
vendor_id	: GenuineIntel
cpu family	: 6
model		: 60
model name	: Intel(R) Core(TM) i7-4700MQ CPU @ 2.40GHz
stepping	: 3
cpu MHz		: 2394.457
cache size	: 6144 KB
physical id	: 0
siblings	: 3
core id		: 2
cpu cores	: 3
apicid		: 2
initial apicid	: 2
fpu		: yes
fpu_exception	: yes
cpuid level	: 13
wp		: yes
flags		: fpu vme de pse tsc msr pae mce cx8 apic sep mtrr pge mca cmov pat pse36 clflush mmx fxsr sse sse2 ht syscall nx rdtscp lm constant_tsc rep_good xtopology nonstop_tsc pni pclmulqdq ssse3 cx16 sse4_1 sse4_2 movbe popcnt aes xsave avx rdrand lahf_lm abm
bogomips	: 4788.91
clflush size	: 64
cache_alignment	: 64
address sizes	: 39 bits physical, 48 bits virtual
power management:



Memory: 4k page, physical 8368484k(136256k free), swap 2064380k(2064380k free)

vm_info: Java HotSpot(TM) 64-Bit Server VM (25.51-b03) for linux-amd64 JRE (1.8.0_51-b16), built on Jun  8 2015 19:28:07 by "java_re" with gcc 4.3.0 20080428 (Red Hat 4.3.0-8)

time: Tue Jan 24 12:20:00 2017
elapsed time: 1 seconds (0d 0h 0m 1s)

